[2013-11-10 14:22:24] START
[2013-11-10 15:04:15] EDIT foodopedia/models/db.py: 0
[2013-11-10 15:06:49] EDIT foodopedia/models/db.py: 0
[2013-11-10 19:06:24] EDIT foodopedia/controllers/default.py: 0
[2013-11-10 22:30:56] EDIT foodopedia/views/layout.html: 1
[2013-11-10 22:31:02] EDIT foodopedia/views/layout.html: 0
[2013-11-10 22:32:43] EDIT foodopedia/views/layout.html: 10
[2013-11-10 22:32:45] EDIT foodopedia/views/layout.html: 0
[2013-11-10 22:32:46] EDIT foodopedia/views/layout.html: 0
[2013-11-10 22:32:47] EDIT foodopedia/views/layout.html: 0
[2013-11-10 22:32:47] EDIT foodopedia/views/layout.html: 0
[2013-11-10 22:32:48] EDIT foodopedia/views/layout.html: 0
[2013-11-10 22:34:22] EDIT foodopedia/views/layout.html: 62
[2013-11-10 22:43:29] EDIT foodopedia/views/layout.html: -8
[2013-11-10 22:47:39] EDIT foodopedia/views/layout.html: -1
[2013-11-10 22:47:41] EDIT foodopedia/views/layout.html: 0
[2013-11-10 22:47:42] EDIT foodopedia/views/layout.html: 0
[2013-11-10 22:47:42] EDIT foodopedia/views/layout.html: 0
[2013-11-10 22:47:43] EDIT foodopedia/views/layout.html: 0
[2013-11-10 22:47:43] EDIT foodopedia/views/layout.html: 0
[2013-11-10 22:47:43] EDIT foodopedia/views/layout.html: 0
[2013-11-10 22:47:43] EDIT foodopedia/views/layout.html: 0
[2013-11-10 22:49:43] EDIT foodopedia/views/layout.html: 0
[2013-11-10 22:53:25] EDIT foodopedia/views/layout.html: -7
[2013-11-10 22:53:27] EDIT foodopedia/views/layout.html: 0
[2013-11-10 22:53:29] EDIT foodopedia/views/layout.html: 0
[2013-11-10 22:59:55] EDIT foodopedia/views/layout.html: 0
[2013-11-10 22:59:57] EDIT foodopedia/views/layout.html: 0
[2013-11-10 23:02:05] EDIT foodopedia/views/layout.html: 0
[2013-11-10 23:02:07] EDIT foodopedia/views/layout.html: 0
[2013-11-10 23:12:28] EDIT foodopedia/views/layout.html: -1
[2013-11-10 23:16:02] EDIT foodopedia/views/layout.html: 0
[2013-11-10 23:19:29] EDIT foodopedia/views/layout.html: -1
[2013-11-10 23:19:31] EDIT foodopedia/views/layout.html: 0
[2013-11-10 23:19:33] EDIT foodopedia/views/layout.html: 0
[2013-11-10 23:30:48] EDIT foodopedia/views/layout.html: 1
[2013-11-10 23:31:10] EDIT foodopedia/views/layout.html: 0
[2013-11-10 23:32:53] EDIT foodopedia/views/layout.html: 1
[2013-11-10 23:33:01] EDIT foodopedia/models/db.py: 0
[2013-11-10 23:33:37] EDIT foodopedia/views/layout.html: 0
[2013-11-10 23:35:19] EDIT foodopedia/views/layout.html: 4
[2013-11-10 23:35:37] EDIT foodopedia/views/layout.html: 0
[2013-11-10 23:55:44] EDIT foodopedia/views/layout.html: -7
[2013-11-10 23:56:23] EDIT foodopedia/views/layout.html: 7
[2013-11-11 01:01:51] EDIT foodopedia/views/layout.html: -6
[2013-11-11 01:12:07] EDIT foodopedia/views/layout.html: 9
[2013-11-11 01:29:24] EDIT foodopedia/views/layout.html: 0
[2013-11-11 01:29:39] EDIT foodopedia/views/layout.html: 0
[2013-11-11 01:29:52] EDIT foodopedia/views/layout.html: 1
[2013-11-11 01:30:06] EDIT foodopedia/views/layout.html: -1
[2013-11-11 01:32:04] EDIT foodopedia/views/layout.html: 1
[2013-11-11 01:32:27] EDIT foodopedia/views/layout.html: 0
[2013-11-11 01:33:07] EDIT foodopedia/views/layout.html: 2
[2013-11-11 01:34:22] EDIT foodopedia/views/layout.html: 1
[2013-11-11 01:35:25] EDIT foodopedia/views/layout.html: -1
[2013-11-11 01:35:53] EDIT foodopedia/views/layout.html: 1
[2013-11-11 01:35:58] EDIT foodopedia/views/layout.html: -1
[2013-11-11 01:36:17] EDIT foodopedia/views/layout.html: 0
[2013-11-11 01:36:55] EDIT foodopedia/views/layout.html: 0
[2013-11-11 01:37:38] EDIT foodopedia/views/layout.html: 0
[2013-11-11 01:38:22] EDIT foodopedia/views/layout.html: 0
[2013-11-11 01:38:31] EDIT foodopedia/views/layout.html: 0
[2013-11-11 01:38:41] EDIT foodopedia/views/layout.html: 0
[2013-11-11 01:38:57] EDIT foodopedia/views/layout.html: 0
[2013-11-11 01:39:11] EDIT foodopedia/views/layout.html: 0
[2013-11-11 01:40:31] EDIT foodopedia/views/layout.html: 0
[2013-11-11 01:41:28] EDIT foodopedia/views/layout.html: 2
[2013-11-11 01:42:14] EDIT foodopedia/views/layout.html: 4
[2013-11-11 01:42:44] EDIT foodopedia/views/layout.html: -4
[2013-11-11 01:43:07] EDIT foodopedia/views/layout.html: 0
[2013-11-11 01:43:14] EDIT foodopedia/views/layout.html: 0
[2013-11-11 01:43:33] EDIT foodopedia/views/layout.html: -1
[2013-11-11 01:45:05] EDIT foodopedia/views/layout.html: 0
[2013-11-11 01:49:35] EDIT foodopedia/views/layout.html: 2
[2013-11-11 01:50:02] EDIT foodopedia/views/layout.html: 2
[2013-11-11 01:50:22] EDIT foodopedia/views/layout.html: -4
[2013-11-11 01:50:35] EDIT foodopedia/views/layout.html: 0
[2013-11-11 02:12:07] EDIT foodopedia/views/layout.html: 2
[2013-11-11 02:14:16] EDIT foodopedia/views/layout.html: 13
[2013-11-11 02:16:21] EDIT foodopedia/views/layout.html: -15
[2013-11-11 02:25:13] EDIT foodopedia/views/layout.html: 1
[2013-11-11 02:25:40] EDIT foodopedia/views/layout.html: 0
[2013-11-11 02:32:08] EDIT foodopedia/views/layout.html: 2
[2013-11-11 02:33:28] EDIT foodopedia/views/layout.html: -2
[2013-11-11 02:34:16] EDIT foodopedia/views/layout.html: 0
[2013-11-11 02:34:27] EDIT foodopedia/views/layout.html: 0
[2013-11-11 02:34:44] EDIT foodopedia/views/layout.html: -1
[2013-11-11 02:36:29] EDIT foodopedia/views/layout.html: 2
[2013-11-11 02:37:54] EDIT foodopedia/views/layout.html: 2
[2013-11-11 02:39:03] EDIT foodopedia/views/layout.html: -4
[2013-11-11 02:42:38] EDIT foodopedia/views/layout.html: 3
[2013-11-11 02:44:56] EDIT foodopedia/views/layout.html: 0
[2013-11-11 02:45:25] EDIT foodopedia/views/layout.html: 0
[2013-11-11 03:03:28] EDIT foodopedia/views/layout.html: 2
[2013-11-11 03:08:45] EDIT foodopedia/views/layout.html: 0
[2013-11-11 03:11:55] EDIT foodopedia/views/layout.html: -2
[2013-11-11 03:13:20] EDIT foodopedia/views/layout.html: 0
[2013-11-11 03:15:48] EDIT foodopedia/views/layout.html: 0
[2013-11-11 03:15:51] EDIT foodopedia/views/layout.html: 0
[2013-11-11 03:18:35] EDIT foodopedia/models/db.py: 11
[2013-11-11 03:20:08] EDIT foodopedia/models/db.py: 1
[2013-11-11 03:24:32] EDIT foodopedia/views/layout.html: 1
[2013-11-11 03:25:08] EDIT foodopedia/views/layout.html: 0
[2013-11-11 03:25:10] EDIT foodopedia/models/db.py: 0
[2013-11-11 03:25:25] EDIT foodopedia/views/layout.html: 0
[2013-11-11 03:25:39] EDIT foodopedia/views/layout.html: 0
[2013-11-11 03:39:26] EDIT foodopedia/views/layout.html: 2
[2013-11-11 03:44:43] EDIT foodopedia/views/layout.html: 5
[2013-11-11 03:45:03] EDIT foodopedia/views/layout.html: -3
[2013-11-11 03:46:14] EDIT foodopedia/views/layout.html: 0
[2013-11-11 03:47:02] EDIT foodopedia/views/layout.html: 6
[2013-11-11 03:58:06] EDIT foodopedia/views/layout.html: 1
[2013-11-11 04:01:08] EDIT foodopedia/views/layout.html: -2
[2013-11-11 04:01:36] EDIT foodopedia/views/layout.html: 0
[2013-11-11 04:02:52] EDIT foodopedia/views/layout.html: 0
[2013-11-11 04:04:32] EDIT foodopedia/views/layout.html: 0
[2013-11-11 04:12:04] EDIT foodopedia/views/layout.html: 4
[2013-11-11 04:13:17] EDIT foodopedia/views/layout.html: -4
[2013-11-11 04:17:59] EDIT foodopedia/views/layout.html: 0
[2013-11-11 04:19:47] EDIT foodopedia/views/layout.html: 0
[2013-11-11 11:12:54] EDIT foodopedia/views/layout.html: 18
